INFO: cmd_ln.c(291): Command line:
sphinx3_astar \
	-ctl ../etc/test.fileids \
	-logfn open_fake.graphem-nbest.1f.log \
	-dict ../etc/open.grapheme.dic \
	-fdict ../etc/open.filler \
	-lm ../etc/open.lm.DMP \
	-mdef ../backup/backup-grapheme/model_parameters/open.cd_cont_200_4/mdef \
	-latext SLF \
	-inlatdir ./Out_lattice1 \
	-nbest 3 \
	-nbestext nbest \
	-nbestdir ./Out_nbest1 \
	-wip 0.2 \
	-lw 2 

INFO: logs3.c(151): Initializing logbase: 1.000300e+00 (add table: 1)
INFO: mdef.c(673): Reading model definition: ../backup/backup-grapheme/model_parameters/open.cd_cont_200_4/mdef
INFO: dict.c(463): Reading main dictionary: ../etc/open.grapheme.dic
INFO: dict.c(466): 83 words read
INFO: dict.c(471): Reading filler dictionary: ../etc/open.filler
INFO: dict.c(474): 3 words read
INFO: lm.c(592): LM read('../etc/open.lm.DMP', lw= 2.00, wip= 0.20, uw= 0.70)
INFO: lm.c(594): Reading LM file ../etc/open.lm.DMP (LM name "default")
INFO: lm_3g_dmp.c(618): Reading LM in 16 bits format
INFO: lm_3g_dmp.c(674): Read       85 unigrams [in memory]
INFO: lm_3g_dmp.c(747):      166 bigrams [on disk]
INFO: lm_3g_dmp.c(820):      247 bigrams [on disk]
INFO: lm_3g_dmp.c(890):        4 bigram prob entries
INFO: lm_3g_dmp.c(924):        5 trigram bowt entries
INFO: lm_3g_dmp.c(955):        3 trigram prob entries
INFO: lm_3g_dmp.c(986):        1 trigram segtable entries (512 segsize)
INFO: lm_3g_dmp.c(1041):       85 word strings
INFO: lm.c(685): The LM routine is operating at 16 bits mode
INFO: s3_astar.c(965): beam= -491210
INFO: dag.c(868): Reading DAG file: ./Out_lattice1/test1.SLF
INFO: dag.c(1026): dag->nfrm+1, 64
INFO: s3_astar.c(445):    63 frames,     33 nodes,      144 edges,       29 bypass
INFO: lm.c(944):       148 tg(),        52 tgcache,       90 bo;    47 fills,        9 in mem (3.6%)
INFO: lm.c(948):      245 bg(),      140 bo;    13 fills,       95 in mem (56.9%)

CTR(test1):    63 frm    3 hyp     10 pop      7 exp       41 pp
test1: TMR:    63 Frm   0.00 xEl   0.01 xCPU
INFO: corpus.c(647): test1:    0.0 sec CPU,    0.0 sec Clk;  TOT:      0.0 sec CPU,      0.0 sec Clk

